<?xml version="1.0" encoding="UTF-8" ?>
<testsuite tests="19" failures="5" name="com.playtech.runner.RunnerTest" time="168.396" errors="0" skipped="0">
  <properties>
[...]
</properties>
  <testcase classname="As a user I want to abble to my contact information through a google form." name="Error messages for mandatory fields without information #1" time="11.061"/>
  <testcase classname="As a user I want to abble to my contact information through a google form." name="Error messages for mandatory fields without information #2" time="9.765"/>
  <testcase classname="As a user I want to abble to my contact information through a google form." name="Error messages for mandatory fields without information #3" time="9.378"/>
  <testcase classname="As a user I want to abble to my contact information through a google form." name="Error messages when not selecting the third option in the first question #1" time="9.097">
    <failure message="The error Please select the 3rd option is not present in the page" type="java.lang.AssertionError">java.lang.AssertionError: The error Please select the 3rd option is not present in the page
	at org.junit.Assert.fail(Assert.java:89)
	at org.junit.Assert.assertTrue(Assert.java:42)
	at com.playtech.steps.Steps.aErrorMessageShouldBePresented(Steps.java:116)
	at ✽.a error message &quot;Please select the 3rd option&quot; should be presented(file:///C:/Users/Usuario/Documents/Filipe/QA/pthomework/src/test/resources/features/form.feature:21)
</failure>
    <system-out>
Scenario Outline: Error messages when not selecting the third option in the first question &amp;#27;[90m# src/test/resources/features/form.feature:24&amp;#27;[0m
//span[contains(text(),&apos;Enviar&apos;)]
  &amp;#27;[32mGiven &amp;#27;[0m&amp;#27;[32mIm in the contact form page&amp;#27;[0m                                                        &amp;#27;[90m# com.playtech.steps.Steps.imInTheContactFormPage()&amp;#27;[0m

    Embedding prt [image/png 238027 bytes]

  &amp;#27;[32mWhen &amp;#27;[0m&amp;#27;[32mI select the option &amp;#27;[0m&amp;#27;[32m&amp;#27;[1m0&amp;#27;[0m&amp;#27;[32m in the first question&amp;#27;[0m                                         &amp;#27;[90m# com.playtech.steps.Steps.iSelectTheOptionInTheFirstQuestion(java.lang.Integer)&amp;#27;[0m

    Embedding prt [image/png 239429 bytes]

  &amp;#27;[32mAnd &amp;#27;[0m&amp;#27;[32mInform all fields&amp;#27;[0m                                                                    &amp;#27;[90m# com.playtech.steps.Steps.informAllFields()&amp;#27;[0m

    Embedding prt [image/png 64229 bytes]

  &amp;#27;[32mAnd &amp;#27;[0m&amp;#27;[32mclick on the submit button&amp;#27;[0m                                                           &amp;#27;[90m# com.playtech.steps.Steps.clickOnTheSubmitButton()&amp;#27;[0m

    Embedding prt [image/png 237866 bytes]

  &amp;#27;[31mThen &amp;#27;[0m&amp;#27;[31ma error message &amp;#27;[0m&amp;#27;[31m&amp;#27;[1m&quot;Please select the 3rd option&quot;&amp;#27;[0m&amp;#27;[31m should be presented&amp;#27;[0m                  &amp;#27;[90m# com.playtech.steps.Steps.aErrorMessageShouldBePresented(java.lang.String)&amp;#27;[0m
      &amp;#27;[31mjava.lang.AssertionError: The error Please select the 3rd option is not present in the page
	at org.junit.Assert.fail(Assert.java:89)
	at org.junit.Assert.assertTrue(Assert.java:42)
	at com.playtech.steps.Steps.aErrorMessageShouldBePresented(Steps.java:116)
	at âœ½.a error message &quot;Please select the 3rd option&quot; should be presented(file:///C:/Users/Usuario/Documents/Filipe/QA/pthomework/src/test/resources/features/form.feature:21)
&amp;#27;[0m

    Embedding prt [image/png 237866 bytes]

</system-out>
    <system-err>Starting ChromeDriver 97.0.4692.71 (adefa7837d02a07a604c1e6eff0b3a09422ab88d-refs/branch-heads/4692@{#1247}) on port 56497
Only local connections are allowed.
Please see https://chromedriver.chromium.org/security-considerations for suggestions on keeping ChromeDriver safe.
ChromeDriver was started successfully.
jan 14, 2022 12:19:07 PM org.openqa.selenium.remote.ProtocolHandshake createSession
INFORMAÇÕES: Detected dialect: W3C
jan 14, 2022 12:19:07 PM org.openqa.selenium.devtools.CdpVersionFinder findNearestMatch
ADVERTÊNCIA: Unable to find an exact match for CDP version 97, so returning the closest version found: 96
jan 14, 2022 12:19:07 PM org.openqa.selenium.devtools.CdpVersionFinder findNearestMatch
INFORMAÇÕES: Found CDP implementation for version 97 of 96
</system-err>
  </testcase>
  <testcase classname="As a user I want to abble to my contact information through a google form." name="Error messages when not selecting the third option in the first question #2" time="8.956">
    <failure message="The error Please select the 3rd option is not present in the page" type="java.lang.AssertionError">java.lang.AssertionError: The error Please select the 3rd option is not present in the page
	at org.junit.Assert.fail(Assert.java:89)
	at org.junit.Assert.assertTrue(Assert.java:42)
	at com.playtech.steps.Steps.aErrorMessageShouldBePresented(Steps.java:116)
	at ✽.a error message &quot;Please select the 3rd option&quot; should be presented(file:///C:/Users/Usuario/Documents/Filipe/QA/pthomework/src/test/resources/features/form.feature:21)
</failure>
    <system-out>
Scenario Outline: Error messages when not selecting the third option in the first question &amp;#27;[90m# src/test/resources/features/form.feature:25&amp;#27;[0m
//span[contains(text(),&apos;Enviar&apos;)]
  &amp;#27;[32mGiven &amp;#27;[0m&amp;#27;[32mIm in the contact form page&amp;#27;[0m                                                        &amp;#27;[90m# com.playtech.steps.Steps.imInTheContactFormPage()&amp;#27;[0m

    Embedding prt [image/png 238027 bytes]

  &amp;#27;[32mWhen &amp;#27;[0m&amp;#27;[32mI select the option &amp;#27;[0m&amp;#27;[32m&amp;#27;[1m1&amp;#27;[0m&amp;#27;[32m in the first question&amp;#27;[0m                                         &amp;#27;[90m# com.playtech.steps.Steps.iSelectTheOptionInTheFirstQuestion(java.lang.Integer)&amp;#27;[0m

    Embedding prt [image/png 238862 bytes]

  &amp;#27;[32mAnd &amp;#27;[0m&amp;#27;[32mInform all fields&amp;#27;[0m                                                                    &amp;#27;[90m# com.playtech.steps.Steps.informAllFields()&amp;#27;[0m

    Embedding prt [image/png 68118 bytes]

  &amp;#27;[32mAnd &amp;#27;[0m&amp;#27;[32mclick on the submit button&amp;#27;[0m                                                           &amp;#27;[90m# com.playtech.steps.Steps.clickOnTheSubmitButton()&amp;#27;[0m

    Embedding prt [image/png 237866 bytes]

  &amp;#27;[31mThen &amp;#27;[0m&amp;#27;[31ma error message &amp;#27;[0m&amp;#27;[31m&amp;#27;[1m&quot;Please select the 3rd option&quot;&amp;#27;[0m&amp;#27;[31m should be presented&amp;#27;[0m                  &amp;#27;[90m# com.playtech.steps.Steps.aErrorMessageShouldBePresented(java.lang.String)&amp;#27;[0m
      &amp;#27;[31mjava.lang.AssertionError: The error Please select the 3rd option is not present in the page
	at org.junit.Assert.fail(Assert.java:89)
	at org.junit.Assert.assertTrue(Assert.java:42)
	at com.playtech.steps.Steps.aErrorMessageShouldBePresented(Steps.java:116)
	at âœ½.a error message &quot;Please select the 3rd option&quot; should be presented(file:///C:/Users/Usuario/Documents/Filipe/QA/pthomework/src/test/resources/features/form.feature:21)
&amp;#27;[0m

    Embedding prt [image/png 237866 bytes]

</system-out>
    <system-err>Starting ChromeDriver 97.0.4692.71 (adefa7837d02a07a604c1e6eff0b3a09422ab88d-refs/branch-heads/4692@{#1247}) on port 55811
Only local connections are allowed.
Please see https://chromedriver.chromium.org/security-considerations for suggestions on keeping ChromeDriver safe.
ChromeDriver was started successfully.
jan 14, 2022 12:19:16 PM org.openqa.selenium.remote.ProtocolHandshake createSession
INFORMAÇÕES: Detected dialect: W3C
jan 14, 2022 12:19:16 PM org.openqa.selenium.devtools.CdpVersionFinder findNearestMatch
ADVERTÊNCIA: Unable to find an exact match for CDP version 97, so returning the closest version found: 96
jan 14, 2022 12:19:16 PM org.openqa.selenium.devtools.CdpVersionFinder findNearestMatch
INFORMAÇÕES: Found CDP implementation for version 97 of 96
</system-err>
  </testcase>
  <testcase classname="As a user I want to abble to my contact information through a google form." name="Error messages when not selecting the third option in the first question #3" time="9.296">
    <failure message="The error Please select the 3rd option is not present in the page" type="java.lang.AssertionError">java.lang.AssertionError: The error Please select the 3rd option is not present in the page
	at org.junit.Assert.fail(Assert.java:89)
	at org.junit.Assert.assertTrue(Assert.java:42)
	at com.playtech.steps.Steps.aErrorMessageShouldBePresented(Steps.java:116)
	at ✽.a error message &quot;Please select the 3rd option&quot; should be presented(file:///C:/Users/Usuario/Documents/Filipe/QA/pthomework/src/test/resources/features/form.feature:21)
</failure>
    <system-out>
Scenario Outline: Error messages when not selecting the third option in the first question &amp;#27;[90m# src/test/resources/features/form.feature:26&amp;#27;[0m
//span[contains(text(),&apos;Enviar&apos;)]
  &amp;#27;[32mGiven &amp;#27;[0m&amp;#27;[32mIm in the contact form page&amp;#27;[0m                                                        &amp;#27;[90m# com.playtech.steps.Steps.imInTheContactFormPage()&amp;#27;[0m

    Embedding prt [image/png 238027 bytes]

  &amp;#27;[32mWhen &amp;#27;[0m&amp;#27;[32mI select the option &amp;#27;[0m&amp;#27;[32m&amp;#27;[1m3&amp;#27;[0m&amp;#27;[32m in the first question&amp;#27;[0m                                         &amp;#27;[90m# com.playtech.steps.Steps.iSelectTheOptionInTheFirstQuestion(java.lang.Integer)&amp;#27;[0m

    Embedding prt [image/png 239775 bytes]

  &amp;#27;[32mAnd &amp;#27;[0m&amp;#27;[32mInform all fields&amp;#27;[0m                                                                    &amp;#27;[90m# com.playtech.steps.Steps.informAllFields()&amp;#27;[0m

    Embedding prt [image/png 64229 bytes]

  &amp;#27;[32mAnd &amp;#27;[0m&amp;#27;[32mclick on the submit button&amp;#27;[0m                                                           &amp;#27;[90m# com.playtech.steps.Steps.clickOnTheSubmitButton()&amp;#27;[0m

    Embedding prt [image/png 237866 bytes]

  &amp;#27;[31mThen &amp;#27;[0m&amp;#27;[31ma error message &amp;#27;[0m&amp;#27;[31m&amp;#27;[1m&quot;Please select the 3rd option&quot;&amp;#27;[0m&amp;#27;[31m should be presented&amp;#27;[0m                  &amp;#27;[90m# com.playtech.steps.Steps.aErrorMessageShouldBePresented(java.lang.String)&amp;#27;[0m
      &amp;#27;[31mjava.lang.AssertionError: The error Please select the 3rd option is not present in the page
	at org.junit.Assert.fail(Assert.java:89)
	at org.junit.Assert.assertTrue(Assert.java:42)
	at com.playtech.steps.Steps.aErrorMessageShouldBePresented(Steps.java:116)
	at âœ½.a error message &quot;Please select the 3rd option&quot; should be presented(file:///C:/Users/Usuario/Documents/Filipe/QA/pthomework/src/test/resources/features/form.feature:21)
&amp;#27;[0m

    Embedding prt [image/png 237866 bytes]

</system-out>
    <system-err>Starting ChromeDriver 97.0.4692.71 (adefa7837d02a07a604c1e6eff0b3a09422ab88d-refs/branch-heads/4692@{#1247}) on port 51914
Only local connections are allowed.
Please see https://chromedriver.chromium.org/security-considerations for suggestions on keeping ChromeDriver safe.
ChromeDriver was started successfully.
jan 14, 2022 12:19:25 PM org.openqa.selenium.remote.ProtocolHandshake createSession
INFORMAÇÕES: Detected dialect: W3C
jan 14, 2022 12:19:25 PM org.openqa.selenium.devtools.CdpVersionFinder findNearestMatch
ADVERTÊNCIA: Unable to find an exact match for CDP version 97, so returning the closest version found: 96
jan 14, 2022 12:19:25 PM org.openqa.selenium.devtools.CdpVersionFinder findNearestMatch
INFORMAÇÕES: Found CDP implementation for version 97 of 96
</system-err>
  </testcase>
  <testcase classname="As a user I want to abble to my contact information through a google form." name="Error messages when not selecting the third option in the first question #4" time="10.172">
    <failure message="The error Please select the 3rd option is not present in the page" type="java.lang.AssertionError">java.lang.AssertionError: The error Please select the 3rd option is not present in the page
	at org.junit.Assert.fail(Assert.java:89)
	at org.junit.Assert.assertTrue(Assert.java:42)
	at com.playtech.steps.Steps.aErrorMessageShouldBePresented(Steps.java:116)
	at ✽.a error message &quot;Please select the 3rd option&quot; should be presented(file:///C:/Users/Usuario/Documents/Filipe/QA/pthomework/src/test/resources/features/form.feature:21)
</failure>
    <system-out>
Scenario Outline: Error messages when not selecting the third option in the first question &amp;#27;[90m# src/test/resources/features/form.feature:27&amp;#27;[0m
//span[contains(text(),&apos;Enviar&apos;)]
  &amp;#27;[32mGiven &amp;#27;[0m&amp;#27;[32mIm in the contact form page&amp;#27;[0m                                                        &amp;#27;[90m# com.playtech.steps.Steps.imInTheContactFormPage()&amp;#27;[0m

    Embedding prt [image/png 238199 bytes]

  &amp;#27;[32mWhen &amp;#27;[0m&amp;#27;[32mI select the option &amp;#27;[0m&amp;#27;[32m&amp;#27;[1m4&amp;#27;[0m&amp;#27;[32m in the first question&amp;#27;[0m                                         &amp;#27;[90m# com.playtech.steps.Steps.iSelectTheOptionInTheFirstQuestion(java.lang.Integer)&amp;#27;[0m

    Embedding prt [image/png 201315 bytes]

  &amp;#27;[32mAnd &amp;#27;[0m&amp;#27;[32mInform all fields&amp;#27;[0m                                                                    &amp;#27;[90m# com.playtech.steps.Steps.informAllFields()&amp;#27;[0m

    Embedding prt [image/png 68118 bytes]

  &amp;#27;[32mAnd &amp;#27;[0m&amp;#27;[32mclick on the submit button&amp;#27;[0m                                                           &amp;#27;[90m# com.playtech.steps.Steps.clickOnTheSubmitButton()&amp;#27;[0m

    Embedding prt [image/png 237866 bytes]

  &amp;#27;[31mThen &amp;#27;[0m&amp;#27;[31ma error message &amp;#27;[0m&amp;#27;[31m&amp;#27;[1m&quot;Please select the 3rd option&quot;&amp;#27;[0m&amp;#27;[31m should be presented&amp;#27;[0m                  &amp;#27;[90m# com.playtech.steps.Steps.aErrorMessageShouldBePresented(java.lang.String)&amp;#27;[0m
      &amp;#27;[31mjava.lang.AssertionError: The error Please select the 3rd option is not present in the page
	at org.junit.Assert.fail(Assert.java:89)
	at org.junit.Assert.assertTrue(Assert.java:42)
	at com.playtech.steps.Steps.aErrorMessageShouldBePresented(Steps.java:116)
	at âœ½.a error message &quot;Please select the 3rd option&quot; should be presented(file:///C:/Users/Usuario/Documents/Filipe/QA/pthomework/src/test/resources/features/form.feature:21)
&amp;#27;[0m

    Embedding prt [image/png 237866 bytes]

</system-out>
    <system-err>Starting ChromeDriver 97.0.4692.71 (adefa7837d02a07a604c1e6eff0b3a09422ab88d-refs/branch-heads/4692@{#1247}) on port 57588
Only local connections are allowed.
Please see https://chromedriver.chromium.org/security-considerations for suggestions on keeping ChromeDriver safe.
ChromeDriver was started successfully.
jan 14, 2022 12:19:34 PM org.openqa.selenium.remote.ProtocolHandshake createSession
INFORMAÇÕES: Detected dialect: W3C
jan 14, 2022 12:19:34 PM org.openqa.selenium.devtools.CdpVersionFinder findNearestMatch
ADVERTÊNCIA: Unable to find an exact match for CDP version 97, so returning the closest version found: 96
jan 14, 2022 12:19:34 PM org.openqa.selenium.devtools.CdpVersionFinder findNearestMatch
INFORMAÇÕES: Found CDP implementation for version 97 of 96
</system-err>
  </testcase>
  <testcase classname="As a user I want to abble to my contact information through a google form." name="Error messages when not selecting the third option in the first question #5" time="8.663">
    <failure message="The error Please select the 3rd option is not present in the page" type="java.lang.AssertionError">java.lang.AssertionError: The error Please select the 3rd option is not present in the page
	at org.junit.Assert.fail(Assert.java:89)
	at org.junit.Assert.assertTrue(Assert.java:42)
	at com.playtech.steps.Steps.aErrorMessageShouldBePresented(Steps.java:116)
	at ✽.a error message &quot;Please select the 3rd option&quot; should be presented(file:///C:/Users/Usuario/Documents/Filipe/QA/pthomework/src/test/resources/features/form.feature:21)
</failure>
    <system-out>
Scenario Outline: Error messages when not selecting the third option in the first question &amp;#27;[90m# src/test/resources/features/form.feature:28&amp;#27;[0m
//span[contains(text(),&apos;Enviar&apos;)]
  &amp;#27;[32mGiven &amp;#27;[0m&amp;#27;[32mIm in the contact form page&amp;#27;[0m                                                        &amp;#27;[90m# com.playtech.steps.Steps.imInTheContactFormPage()&amp;#27;[0m

    Embedding prt [image/png 238027 bytes]

  &amp;#27;[32mWhen &amp;#27;[0m&amp;#27;[32mI select the option &amp;#27;[0m&amp;#27;[32m&amp;#27;[1m5&amp;#27;[0m&amp;#27;[32m in the first question&amp;#27;[0m                                         &amp;#27;[90m# com.playtech.steps.Steps.iSelectTheOptionInTheFirstQuestion(java.lang.Integer)&amp;#27;[0m

    Embedding prt [image/png 153666 bytes]

  &amp;#27;[32mAnd &amp;#27;[0m&amp;#27;[32mInform all fields&amp;#27;[0m                                                                    &amp;#27;[90m# com.playtech.steps.Steps.informAllFields()&amp;#27;[0m

    Embedding prt [image/png 64229 bytes]

  &amp;#27;[32mAnd &amp;#27;[0m&amp;#27;[32mclick on the submit button&amp;#27;[0m                                                           &amp;#27;[90m# com.playtech.steps.Steps.clickOnTheSubmitButton()&amp;#27;[0m

    Embedding prt [image/png 237866 bytes]

  &amp;#27;[31mThen &amp;#27;[0m&amp;#27;[31ma error message &amp;#27;[0m&amp;#27;[31m&amp;#27;[1m&quot;Please select the 3rd option&quot;&amp;#27;[0m&amp;#27;[31m should be presented&amp;#27;[0m                  &amp;#27;[90m# com.playtech.steps.Steps.aErrorMessageShouldBePresented(java.lang.String)&amp;#27;[0m
      &amp;#27;[31mjava.lang.AssertionError: The error Please select the 3rd option is not present in the page
	at org.junit.Assert.fail(Assert.java:89)
	at org.junit.Assert.assertTrue(Assert.java:42)
	at com.playtech.steps.Steps.aErrorMessageShouldBePresented(Steps.java:116)
	at âœ½.a error message &quot;Please select the 3rd option&quot; should be presented(file:///C:/Users/Usuario/Documents/Filipe/QA/pthomework/src/test/resources/features/form.feature:21)
&amp;#27;[0m

    Embedding prt [image/png 237866 bytes]

</system-out>
    <system-err>Starting ChromeDriver 97.0.4692.71 (adefa7837d02a07a604c1e6eff0b3a09422ab88d-refs/branch-heads/4692@{#1247}) on port 57805
Only local connections are allowed.
Please see https://chromedriver.chromium.org/security-considerations for suggestions on keeping ChromeDriver safe.
ChromeDriver was started successfully.
jan 14, 2022 12:19:45 PM org.openqa.selenium.remote.ProtocolHandshake createSession
INFORMAÇÕES: Detected dialect: W3C
jan 14, 2022 12:19:45 PM org.openqa.selenium.devtools.CdpVersionFinder findNearestMatch
ADVERTÊNCIA: Unable to find an exact match for CDP version 97, so returning the closest version found: 96
jan 14, 2022 12:19:45 PM org.openqa.selenium.devtools.CdpVersionFinder findNearestMatch
INFORMAÇÕES: Found CDP implementation for version 97 of 96
</system-err>
  </testcase>
  <testcase classname="As a user I want to abble to my contact information through a google form." name="Clear the selection on the first question #1" time="8.368"/>
  <testcase classname="As a user I want to abble to my contact information through a google form." name="Clear the selection on the first question #2" time="6.927"/>
  <testcase classname="As a user I want to abble to my contact information through a google form." name="Clear the selection on the first question #3" time="8.003"/>
  <testcase classname="As a user I want to abble to my contact information through a google form." name="Clear the selection on the first question #4" time="7.451"/>
  <testcase classname="As a user I want to abble to my contact information through a google form." name="Clear the selection on the first question #5" time="8.346"/>
  <testcase classname="As a user I want to abble to my contact information through a google form." name="Clear the selection on the first question #6" time="7.531"/>
  <testcase classname="As a user I want to abble to my contact information through a google form." name="Clear all the fields in the" time="10.751"/>
  <testcase classname="As a user I want to abble to my contact information through a google form." name="Error messages for a invalid e-mail" time="8.598"/>
  <testcase classname="As a user I want to abble to my contact information through a google form." name="Sending the form with non-mandatory fields without information #1" time="8.912"/>
  <testcase classname="As a user I want to abble to my contact information through a google form." name="Sending the form with non-mandatory fields without information #2" time="8.151"/>
  <testcase classname="As a user I want to abble to my contact information through a google form." name="Sending the form with all fields filled" time="8.97"/>
</testsuite>